<?xml version="1.0" encoding="UTF-8"?>
<!-- Generated by org.testng.reporters.JUnitReportReporter -->
<testsuite hostname="Koovers-CAP-510" failures="0" tests="1" name="Testsuite.WebTesting" time="38.512" errors="0" timestamp="2025-09-23T16:23:08 IST" skipped="0">
  <testcase classname="Testsuite.WebTesting" name="createCustomer" time="38.512"/>
</testsuite> <!-- Testsuite.WebTesting -->
